<?xml version="1.0" encoding="UTF-8"?>
<!-- Generated by org.testng.reporters.JUnitReportReporter -->
<testsuite hostname="DESKTOP-4TSQ0KV" name="steps.Test_Latest_Currencies_End_Point" tests="1" failures="0" timestamp="30 Jan 2020 22:56:55 GMT" time="2.745" errors="0">
  <testcase name="test_Write_files_to_CSV" time="2.745" classname="steps.Test_Latest_Currencies_End_Point"/>
</testsuite> <!-- steps.Test_Latest_Currencies_End_Point -->
